<?xml version="1.0" encoding="UTF-8"?>
<testsuite name="HashTableTest" tests="1" skipped="0" failures="0" errors="0" timestamp="2024-08-05T14:58:14" hostname="Chengs-MacBook-Air.local" time="0.028">
  <properties/>
  <testcase name="testDelete()" classname="HashTableTest" time="0.028"/>
  <system-out><![CDATA[key is 0, value is 0
key is 1, value is 1
key is 3, value is 3
key is 4, value is 4
]]></system-out>
  <system-err><![CDATA[]]></system-err>
</testsuite>
